<?xml version="1.0" encoding="UTF-8"?>
<!-- Generated by org.testng.reporters.JUnitReportReporter -->
<testsuite hostname="DESKTOP-4CMAMAA" failures="0" tests="2" name="sample.Appium" time="0.009" errors="0" timestamp="2024-09-14T11:46:13 IST" skipped="0">
  <testcase classname="sample.Appium" name="mtest" time="0.003"/>
  <testcase classname="sample.Appium" name="appium" time="0.006"/>
</testsuite> <!-- sample.Appium -->
